[debug] [2023-12-25T18:14:43.640Z] ----------------------------------------------------------------------
[debug] [2023-12-25T18:14:43.641Z] Command:       /Users/shuto/.anyenv/envs/nodenv/versions/18.5.0/bin/node /Users/shuto/.anyenv/envs/nodenv/versions/18.5.0/bin/firebase emulators:start
[debug] [2023-12-25T18:14:43.641Z] CLI Version:   11.3.0
[debug] [2023-12-25T18:14:43.641Z] Platform:      darwin
[debug] [2023-12-25T18:14:43.641Z] Node Version:  v18.5.0
[debug] [2023-12-25T18:14:43.642Z] Time:          Mon Dec 25 2023 18:14:43 GMT+0000 (Greenwich Mean Time)
[debug] [2023-12-25T18:14:43.642Z] ----------------------------------------------------------------------
[debug] 
[debug] [2023-12-25T18:14:43.668Z] > command requires scopes: ["email","openid","https://www.googleapis.com/auth/cloudplatformprojects.readonly","https://www.googleapis.com/auth/firebase","https://www.googleapis.com/auth/cloud-platform"]
[debug] [2023-12-25T18:14:43.669Z] > authorizing via signed-in user (hokke.nikuatsu126@gmail.com)
[info] i  emulators: Starting emulators: functions {"metadata":{"emulator":{"name":"hub"},"message":"Starting emulators: functions"}}
[debug] [2023-12-25T18:14:43.693Z] [hub] writing locator at /var/folders/ky/lbbxy6ld34g9ltzc93tgvypw0000gn/T/hub-four-birds-409101.json
[warn] ⚠  functions: The following emulators are not running, calls to these services from the Functions emulator will affect production: auth, firestore, database, hosting, pubsub, storage {"metadata":{"emulator":{"name":"functions"},"message":"The following emulators are not running, calls to these services from the Functions emulator will affect production: \u001b[1mauth, firestore, database, hosting, pubsub, storage\u001b[22m"}}
[warn] ⚠  Your requested "node" version "16" doesn't match your global version "18". Using node@18 from host. {"metadata":{"emulator":{"name":"functions"},"message":"Your requested \"node\" version \"16\" doesn't match your global version \"18\". Using node@18 from host."}}
[debug] [2023-12-25T18:14:43.704Z] defaultcredentials: writing to file /Users/shuto/.config/firebase/hokke_nikuatsu126_gmail.com_application_default_credentials.json
[debug] [2023-12-25T18:14:43.704Z] Setting GAC to /Users/shuto/.config/firebase/hokke_nikuatsu126_gmail.com_application_default_credentials.json {"metadata":{"emulator":{"name":"functions"},"message":"Setting GAC to /Users/shuto/.config/firebase/hokke_nikuatsu126_gmail.com_application_default_credentials.json"}}
[debug] [2023-12-25T18:14:43.706Z] >>> [apiv2][query] GET https://firebase.googleapis.com/v1beta1/projects/four-birds-409101/adminSdkConfig [none]
[debug] [2023-12-25T18:14:44.086Z] <<< [apiv2][status] GET https://firebase.googleapis.com/v1beta1/projects/four-birds-409101/adminSdkConfig 200
[debug] [2023-12-25T18:14:44.086Z] <<< [apiv2][body] GET https://firebase.googleapis.com/v1beta1/projects/four-birds-409101/adminSdkConfig {"projectId":"four-birds-409101","storageBucket":"four-birds-409101.appspot.com"}
[debug] [2023-12-25T18:14:44.364Z] Ignoring unsupported arg: auto_download {"metadata":{"emulator":{"name":"ui"},"message":"Ignoring unsupported arg: auto_download"}}
[debug] [2023-12-25T18:14:44.365Z] Ignoring unsupported arg: port {"metadata":{"emulator":{"name":"ui"},"message":"Ignoring unsupported arg: port"}}
[debug] [2023-12-25T18:14:44.365Z] Starting Emulator UI with command {"binary":"node","args":["/Users/shuto/.cache/firebase/emulators/ui-v1.8.1/server/server.js"],"optionalArgs":[],"joinArgs":false} {"metadata":{"emulator":{"name":"ui"},"message":"Starting Emulator UI with command {\"binary\":\"node\",\"args\":[\"/Users/shuto/.cache/firebase/emulators/ui-v1.8.1/server/server.js\"],\"optionalArgs\":[],\"joinArgs\":false}"}}
[info] i  ui: Emulator UI logging to ui-debug.log {"metadata":{"emulator":{"name":"ui"},"message":"Emulator UI logging to \u001b[1mui-debug.log\u001b[22m"}}
[debug] [2023-12-25T18:14:44.456Z] Web / API server started at localhost:4000
 {"metadata":{"emulator":{"name":"ui"},"message":"Web / API server started at localhost:4000\n"}}
[info] i  functions: Watching "/Users/shuto/Documents/Projects/WebApp/four-birds/backend/functions" for Cloud Functions... {"metadata":{"emulator":{"name":"functions"},"message":"Watching \"/Users/shuto/Documents/Projects/WebApp/four-birds/backend/functions\" for Cloud Functions..."}}
[debug] [2023-12-25T18:14:44.637Z] Validating nodejs source
[warn] ⚠  functions: package.json indicates an outdated version of firebase-functions. Please upgrade using npm install --save firebase-functions@latest in your functions directory. 
[warn] ⚠  functions: Please note that there will be breaking changes when you upgrade. 
[debug] [2023-12-25T18:14:46.393Z] > [functions] package.json contents: {
  "name": "functions",
  "version": "1.0.0",
  "license": "MIT",
  "main": "./build/index.js",
  "packageManager": "yarn@3.6.4",
  "scripts": {
    "lint": "eslint --ext .ts,.js src",
    "lint:fix": "run lint --fix",
    "build": "tsc",
    "deploy": "firebase deploy --only functions",
    "logs": "firebase functions:log"
  },
  "dependencies": {
    "firebase-admin": "^10.2.0",
    "firebase-functions": "^3.21.0"
  },
  "devDependencies": {
    "@types/node": "^20.10.5",
    "@typescript-eslint/eslint-plugin": "^6.16.0",
    "@typescript-eslint/parser": "^6.16.0",
    "eslint": "^8.56.0",
    "eslint-config-prettier": "^9.1.0",
    "eslint-config-standard-with-typescript": "^43.0.0",
    "eslint-plugin-functional": "^6.0.0",
    "eslint-plugin-import": "^2.29.1",
    "eslint-plugin-n": "^16.5.0",
    "eslint-plugin-prefer-arrow-functions": "^3.2.4",
    "eslint-plugin-prettier": "^5.1.2",
    "eslint-plugin-promise": "^6.1.1",
    "eslint-plugin-unicorn": "^50.0.1",
    "eslint-plugin-unused-imports": "^3.0.0",
    "firebase-tools": "^13.0.2",
    "prettier": "^3.1.1",
    "typescript": "^5.3.3"
  },
  "private": true
}
[debug] [2023-12-25T18:14:46.393Z] Building nodejs source
[debug] [2023-12-25T18:14:46.393Z] Analyzing nodejs backend spec
[debug] [2023-12-25T18:14:46.395Z] Could not find functions.yaml. Must use http discovery
[debug] [2023-12-25T18:14:46.502Z] Serving at port 9005

[debug] [2023-12-25T18:14:46.531Z] Got response from /__/functions.yaml {"endpoints":{"helloWorld":{"platform":"gcfv1","httpsTrigger":{},"entryPoint":"helloWorld"}},"specVersion":"v1alpha1","requiredAPIs":[]}
[debug] [2023-12-25T18:14:46.535Z] shutdown requested via /__/quitquitquit

[info] ✔  functions[us-central1-helloWorld]: http function initialized (http://localhost:5001/four-birds-409101/us-central1/helloWorld). {"metadata":{"emulator":{"name":"functions"},"message":"\u001b[1mhttp\u001b[22m function initialized (http://localhost:5001/four-birds-409101/us-central1/helloWorld)."}}
[info] 
┌─────────────────────────────────────────────────────────────┐
│ ✔  All emulators ready! It is now safe to connect your app. │
│ i  View Emulator UI at http://localhost:4000                │
└─────────────────────────────────────────────────────────────┘

┌───────────┬────────────────┬─────────────────────────────────┐
│ Emulator  │ Host:Port      │ View in Emulator UI             │
├───────────┼────────────────┼─────────────────────────────────┤
│ Functions │ localhost:5001 │ http://localhost:4000/functions │
└───────────┴────────────────┴─────────────────────────────────┘
  Emulator Hub running at localhost:4400
  Other reserved ports: 4500

Issues? Report them at https://github.com/firebase/firebase-tools/issues and attach the *-debug.log files.
 
[debug] [2023-12-25T18:15:39.879Z] [work-queue] {"queueLength":1,"workRunningCount":0}
[debug] [2023-12-25T18:15:39.880Z] [work-queue] {"queueLength":0,"workRunningCount":1}
[debug] [2023-12-25T18:15:39.880Z] Accepted request GET /four-birds-409101/us-central1/helloWorld --> us-central1-helloWorld
[debug] [2023-12-25T18:15:39.897Z] [worker-pool] addWorker(us-central1-helloWorld) {"metadata":{"emulator":{"name":"functions"},"message":"[worker-pool] addWorker(us-central1-helloWorld)"}}
[debug] [2023-12-25T18:15:39.898Z] [worker-pool] Adding worker with key us-central1-helloWorld, total=1 {"metadata":{"emulator":{"name":"functions"},"message":"[worker-pool] Adding worker with key us-central1-helloWorld, total=1"}}
[debug] [2023-12-25T18:15:39.898Z] [worker-pool] submitWork(triggerId=us-central1-helloWorld) {"metadata":{"emulator":{"name":"functions"},"message":"[worker-pool] submitWork(triggerId=us-central1-helloWorld)"}}
[debug] [2023-12-25T18:15:39.898Z] [worker-us-central1-helloWorld-5886c220-5fe7-455e-902f-a427b43224db]: BUSY {"metadata":{"emulator":{"name":"functions"},"message":"[worker-us-central1-helloWorld-5886c220-5fe7-455e-902f-a427b43224db]: BUSY"}}
[debug] [2023-12-25T18:15:40.463Z] [runtime-status] [89082] Resolved module firebase-admin {"declared":true,"installed":true,"version":"10.3.0","resolution":"/Users/shuto/Documents/Projects/WebApp/four-birds/backend/functions/node_modules/firebase-admin/lib/index.js"} {"metadata":{"emulator":{"name":"functions"},"function":{"name":"us-central1-helloWorld"},"extension":{},"message":"[runtime-status] [89082] Resolved module firebase-admin {\"declared\":true,\"installed\":true,\"version\":\"10.3.0\",\"resolution\":\"/Users/shuto/Documents/Projects/WebApp/four-birds/backend/functions/node_modules/firebase-admin/lib/index.js\"}"}}
[debug] [2023-12-25T18:15:40.463Z] [runtime-status] [89082] Resolved module firebase-functions {"declared":true,"installed":true,"version":"3.24.1","resolution":"/Users/shuto/Documents/Projects/WebApp/four-birds/backend/functions/node_modules/firebase-functions/lib/index.js"} {"metadata":{"emulator":{"name":"functions"},"function":{"name":"us-central1-helloWorld"},"extension":{},"message":"[runtime-status] [89082] Resolved module firebase-functions {\"declared\":true,\"installed\":true,\"version\":\"3.24.1\",\"resolution\":\"/Users/shuto/Documents/Projects/WebApp/four-birds/backend/functions/node_modules/firebase-functions/lib/index.js\"}"}}
[debug] [2023-12-25T18:15:40.463Z] [runtime-status] [89082] Outgoing network have been stubbed. [{"name":"http","status":"mocked"},{"name":"http","status":"mocked"},{"name":"https","status":"mocked"},{"name":"https","status":"mocked"},{"name":"net","status":"mocked"}] {"metadata":{"emulator":{"name":"functions"},"function":{"name":"us-central1-helloWorld"},"extension":{},"message":"[runtime-status] [89082] Outgoing network have been stubbed. [{\"name\":\"http\",\"status\":\"mocked\"},{\"name\":\"http\",\"status\":\"mocked\"},{\"name\":\"https\",\"status\":\"mocked\"},{\"name\":\"https\",\"status\":\"mocked\"},{\"name\":\"net\",\"status\":\"mocked\"}]"}}
[debug] [2023-12-25T18:15:40.463Z] [runtime-status] [89082] Resolved module firebase-functions {"declared":true,"installed":true,"version":"3.24.1","resolution":"/Users/shuto/Documents/Projects/WebApp/four-birds/backend/functions/node_modules/firebase-functions/lib/index.js"} {"metadata":{"emulator":{"name":"functions"},"function":{"name":"us-central1-helloWorld"},"extension":{},"message":"[runtime-status] [89082] Resolved module firebase-functions {\"declared\":true,\"installed\":true,\"version\":\"3.24.1\",\"resolution\":\"/Users/shuto/Documents/Projects/WebApp/four-birds/backend/functions/node_modules/firebase-functions/lib/index.js\"}"}}
[debug] [2023-12-25T18:15:40.481Z] [runtime-status] [89082] Checked functions.config() {"config":{}} {"metadata":{"emulator":{"name":"functions"},"function":{"name":"us-central1-helloWorld"},"extension":{},"message":"[runtime-status] [89082] Checked functions.config() {\"config\":{}}"}}
[debug] [2023-12-25T18:15:40.481Z] [runtime-status] [89082] firebase-functions has been stubbed. {"functionsResolution":{"declared":true,"installed":true,"version":"3.24.1","resolution":"/Users/shuto/Documents/Projects/WebApp/four-birds/backend/functions/node_modules/firebase-functions/lib/index.js"}} {"metadata":{"emulator":{"name":"functions"},"function":{"name":"us-central1-helloWorld"},"extension":{},"message":"[runtime-status] [89082] firebase-functions has been stubbed. {\"functionsResolution\":{\"declared\":true,\"installed\":true,\"version\":\"3.24.1\",\"resolution\":\"/Users/shuto/Documents/Projects/WebApp/four-birds/backend/functions/node_modules/firebase-functions/lib/index.js\"}}"}}
[debug] [2023-12-25T18:15:40.481Z] [runtime-status] [89082] Resolved module firebase-functions {"declared":true,"installed":true,"version":"3.24.1","resolution":"/Users/shuto/Documents/Projects/WebApp/four-birds/backend/functions/node_modules/firebase-functions/lib/index.js"} {"metadata":{"emulator":{"name":"functions"},"function":{"name":"us-central1-helloWorld"},"extension":{},"message":"[runtime-status] [89082] Resolved module firebase-functions {\"declared\":true,\"installed\":true,\"version\":\"3.24.1\",\"resolution\":\"/Users/shuto/Documents/Projects/WebApp/four-birds/backend/functions/node_modules/firebase-functions/lib/index.js\"}"}}
[debug] [2023-12-25T18:15:40.482Z] [runtime-status] [89082] Resolved module firebase-admin {"declared":true,"installed":true,"version":"10.3.0","resolution":"/Users/shuto/Documents/Projects/WebApp/four-birds/backend/functions/node_modules/firebase-admin/lib/index.js"} {"metadata":{"emulator":{"name":"functions"},"function":{"name":"us-central1-helloWorld"},"extension":{},"message":"[runtime-status] [89082] Resolved module firebase-admin {\"declared\":true,\"installed\":true,\"version\":\"10.3.0\",\"resolution\":\"/Users/shuto/Documents/Projects/WebApp/four-birds/backend/functions/node_modules/firebase-admin/lib/index.js\"}"}}
[debug] [2023-12-25T18:15:40.482Z] [runtime-status] [89082] Resolved module firebase-functions {"declared":true,"installed":true,"version":"3.24.1","resolution":"/Users/shuto/Documents/Projects/WebApp/four-birds/backend/functions/node_modules/firebase-functions/lib/index.js"} {"metadata":{"emulator":{"name":"functions"},"function":{"name":"us-central1-helloWorld"},"extension":{},"message":"[runtime-status] [89082] Resolved module firebase-functions {\"declared\":true,\"installed\":true,\"version\":\"3.24.1\",\"resolution\":\"/Users/shuto/Documents/Projects/WebApp/four-birds/backend/functions/node_modules/firebase-functions/lib/index.js\"}"}}
[debug] [2023-12-25T18:15:40.482Z] [runtime-status] [89082] firebase-admin has been stubbed. {"adminResolution":{"declared":true,"installed":true,"version":"10.3.0","resolution":"/Users/shuto/Documents/Projects/WebApp/four-birds/backend/functions/node_modules/firebase-admin/lib/index.js"}} {"metadata":{"emulator":{"name":"functions"},"function":{"name":"us-central1-helloWorld"},"extension":{},"message":"[runtime-status] [89082] firebase-admin has been stubbed. {\"adminResolution\":{\"declared\":true,\"installed\":true,\"version\":\"10.3.0\",\"resolution\":\"/Users/shuto/Documents/Projects/WebApp/four-birds/backend/functions/node_modules/firebase-admin/lib/index.js\"}}"}}
[debug] [2023-12-25T18:15:40.482Z] [runtime-status] [89082] Functions runtime initialized. {"cwd":"/Users/shuto/Documents/Projects/WebApp/four-birds/backend/functions","node_version":"18.5.0"} {"metadata":{"emulator":{"name":"functions"},"function":{"name":"us-central1-helloWorld"},"extension":{},"message":"[runtime-status] [89082] Functions runtime initialized. {\"cwd\":\"/Users/shuto/Documents/Projects/WebApp/four-birds/backend/functions\",\"node_version\":\"18.5.0\"}"}}
[debug] [2023-12-25T18:15:40.483Z] [runtime-status] [89082] Beginning invocation function helloWorld! {"metadata":{"emulator":{"name":"functions"},"function":{"name":"us-central1-helloWorld"},"extension":{},"message":"[runtime-status] [89082] Beginning invocation function helloWorld!"}}
[info] i  functions: Beginning execution of "helloWorld" {"metadata":{"emulator":{"name":"functions"},"function":{"name":"us-central1-helloWorld"},"extension":{},"message":"Beginning execution of \"helloWorld\""}}
[debug] [2023-12-25T18:15:40.483Z] [runtime-status] [89082] Running helloWorld in signature http {"metadata":{"emulator":{"name":"functions"},"function":{"name":"us-central1-helloWorld"},"extension":{},"message":"[runtime-status] [89082] Running helloWorld in signature http"}}
[debug] [2023-12-25T18:15:40.485Z] [runtime-status] [89082] Attempting to listen to port: /var/folders/ky/lbbxy6ld34g9ltzc93tgvypw0000gn/T/fire_emu_86b4d108d909f36f.sock {"metadata":{"emulator":{"name":"functions"},"function":{"name":"us-central1-helloWorld"},"extension":{},"message":"[runtime-status] [89082] Attempting to listen to port: /var/folders/ky/lbbxy6ld34g9ltzc93tgvypw0000gn/T/fire_emu_86b4d108d909f36f.sock"}}
[debug] [2023-12-25T18:15:40.513Z] [functions] Runtime ready! Sending request! {"metadata":{"emulator":{"name":"functions"},"message":"[functions] Runtime ready! Sending request!"}}
[debug] [2023-12-25T18:15:40.514Z] [functions] Got req.url=/four-birds-409101/us-central1/helloWorld, mapping to path=/ {"metadata":{"emulator":{"name":"functions"},"message":"[functions] Got req.url=/four-birds-409101/us-central1/helloWorld, mapping to path=/"}}
[debug] [2023-12-25T18:15:40.514Z] [runtime-status] [89082] Ephemeral server handling GET request {"metadata":{"emulator":{"name":"functions"},"function":{"name":"us-central1-helloWorld"},"extension":{},"message":"[runtime-status] [89082] Ephemeral server handling GET request"}}
[info] >  {"structuredData":true,"severity":"INFO","message":"Hello logs!"} {"user":{"structuredData":true,"severity":"INFO","message":"Hello logs!"},"metadata":{"emulator":{"name":"functions"},"function":{"name":"us-central1-helloWorld"},"extension":{},"message":"\u001b[90m> \u001b[39m {\"structuredData\":true,\"severity\":\"INFO\",\"message\":\"Hello logs!\"}"}}
[debug] [2023-12-25T18:15:40.516Z] [runtime-status] [89082] Ephemeral server survived. {"metadata":{"emulator":{"name":"functions"},"function":{"name":"us-central1-helloWorld"},"extension":{},"message":"[runtime-status] [89082] Ephemeral server survived."}}
[info] i  functions: Finished "helloWorld" in ~1s {"metadata":{"emulator":{"name":"functions"},"function":{"name":"us-central1-helloWorld"},"extension":{},"message":"Finished \"helloWorld\" in ~1s"}}
[debug] [2023-12-25T18:15:40.517Z] [worker-us-central1-helloWorld-5886c220-5fe7-455e-902f-a427b43224db]: IDLE {"metadata":{"emulator":{"name":"functions"},"message":"[worker-us-central1-helloWorld-5886c220-5fe7-455e-902f-a427b43224db]: IDLE"}}
[debug] [2023-12-25T18:15:40.517Z] [work-queue] {"queueLength":0,"workRunningCount":0}
[debug] [2023-12-25T18:15:40.587Z] Functions emulator received unknown request at path /favicon.ico
